<?xml version="1.0" encoding="UTF-8"?>
<testsuite xmlns:xsi="http://www.w3.org/2001/XMLSchema-instance" xsi:noNamespaceSchemaLocation="https://maven.apache.org/surefire/maven-surefire-plugin/xsd/surefire-test-report-3.0.xsd" version="3.0" name="com.example.demo.Zad1ApplicationTests" time="4.317" tests="1" errors="0" skipped="0" failures="0">
  <properties>
[...]
</properties>
  <testcase name="contextLoads" classname="com.example.demo.Zad1ApplicationTests" time="2.192">
    <system-out><![CDATA[
  .   ____          _            __ _ _
 /\\ / ___'_ __ _ _(_)_ __  __ _ \ \ \ \
( ( )\___ | '_ | '_| | '_ \/ _` | \ \ \ \
 \\/  ___)| |_)| | | | | || (_| |  ) ) ) )
  '  |____| .__|_| |_|_| |_\__, | / / / /
 =========|_|==============|___/=/_/_/_/
 :: Spring Boot ::                (v3.1.0)

2023-06-21T16:43:00.817+02:00  INFO 24124 --- [           main] com.example.demo.Zad1ApplicationTests    : Starting Zad1ApplicationTests using Java 17.0.6 with PID 24124 (started by magic in C:\Users\magic.DESKTOP-BEAFEUE\Downloads\demo)
2023-06-21T16:43:00.825+02:00  INFO 24124 --- [           main] com.example.demo.Zad1ApplicationTests    : No active profile set, falling back to 1 default profile: "default"
2023-06-21T16:43:01.247+02:00  INFO 24124 --- [           main] com.example.demo.Zad1ApplicationTests    : Started Zad1ApplicationTests in 1.171 seconds (process running for 3.288)
]]></system-out>
  </testcase>
</testsuite>